#
# A fatal error has been detected by the Java Runtime Environment:
#
#  EXCEPTION_ACCESS_VIOLATION (0xc0000005) at pc=0x000007feff629657, pid=6804, tid=7992
#
# JRE version: Java(TM) SE Runtime Environment (8.0_65-b17) (build 1.8.0_65-b17)
# Java VM: Java HotSpot(TM) 64-Bit Server VM (25.65-b01 mixed mode windows-amd64 compressed oops)
# Problematic frame:
# C  [ole32.dll+0x29657]
#
# Failed to write core dump. Minidumps are not enabled by default on client versions of Windows
#
# If you would like to submit a bug report, please visit:
#   http://bugreport.java.com/bugreport/crash.jsp
# The crash happened outside the Java Virtual Machine in native code.
# See problematic frame for where to report the bug.
#

---------------  T H R E A D  ---------------

Current thread (0x0000000054ec3000):  JavaThread "Finalizer" daemon [_thread_in_native, id=7992, stack(0x0000000056150000,0x0000000056250000)]

siginfo: ExceptionCode=0xc0000005, writing address 0x00000000004424e8

Registers:
RAX=0x000007feff7d7910, RBX=0x0000000000000000, RCX=0x0000000000442480, RDX=0x000000000049e940
RSP=0x000000005624f050, RBP=0x000007feff7a67d0, RSI=0x000000000049ca88, RDI=0x000000000049ea20
R8 =0x0000000000456db0, R9 =0x000000ffffffffff, R10=0x00000000003d8e10, R11=0x0000000000000001
R12=0x00000000ffffffff, R13=0x0000000058329410, R14=0x0000000000000000, R15=0x000007feff7d53d8
RIP=0x000007feff629657, EFLAGS=0x0000000000010246

Top of Stack: (sp=0x000000005624f050)
0x000000005624f050:   000000000049ea20 000007feff6243f5
0x000000005624f060:   0000000054ec3000 000000005624f1f0
0x000000005624f070:   0000000054ec3000 000000005624f1f0
0x000000005624f080:   0000000058329410 0000000000000000
0x000000005624f090:   000000000049ca80 000007feff629560
0x000000005624f0a0:   0000000000000000 000000000049ca88
0x000000005624f0b0:   000000005624f1d0 0000000000000042
0x000000005624f0c0:   0000000000000001 000007feff629438
0x000000005624f0d0:   0000000000000000 0000000000000001
0x000000005624f0e0:   000000005624f1d0 0000000000000042
0x000000005624f0f0:   000000005624f1f0 000007feff629b59
0x000000005624f100:   000000000049ca80 0000000000000042
0x000000005624f110:   0000000000000000 000000005624f1f0
0x000000005624f120:   000000005624f1f0 000007fef0ca2510
0x000000005624f130:   0000000080000000 000000000044fb40
0x000000005624f140:   0000000054ec31f8 00000000c35d2648 

Instructions: (pc=0x000007feff629657)
0x000007feff629637:   e3 17 00 c7 05 cc d5 1a 00 82 17 00 00 48 89 05
0x000007feff629647:   cd d5 1a 00 48 8b 56 10 48 8b 4a 60 48 8b 42 68
0x000007feff629657:   48 89 41 68 48 8b 4a 68 48 8b 42 60 48 89 41 60
0x000007feff629667:   48 8b 5e 10 44 39 35 5a f1 1a 00 0f 85 d5 88 03 


Register to memory mapping:

RAX=0x000007feff7d7910 is an unknown value
RBX=0x0000000000000000 is an unknown value
RCX=0x0000000000442480 is an unknown value
RDX=0x000000000049e940 is an unknown value
RSP=0x000000005624f050 is pointing into the stack for thread: 0x0000000054ec3000
RBP=0x000007feff7a67d0 is an unknown value
RSI=0x000000000049ca88 is an unknown value
RDI=0x000000000049ea20 is an unknown value
R8 =0x0000000000456db0 is an unknown value
R9 =0x000000ffffffffff is an unknown value
R10=0x00000000003d8e10 is an unknown value
R11=0x0000000000000001 is an unknown value
R12=0x00000000ffffffff is an unallocated location in the heap
R13={method} {0x0000000058329418} 'release' '()V' in 'com/jacob/com/Dispatch'
R14=0x0000000000000000 is an unknown value
R15=0x000007feff7d53d8 is an unknown value


Stack: [0x0000000056150000,0x0000000056250000],  sp=0x000000005624f050,  free space=1020k
Native frames: (J=compiled Java code, j=interpreted, Vv=VM code, C=native code)
C  [ole32.dll+0x29657]
C  [ole32.dll+0x29560]
C  [ole32.dll+0x29438]
C  [ole32.dll+0x29b59]
C  [jacob-1.18-x64.dll+0x2510]
C  0x0000000002923b34

Java frames: (J=compiled Java code, j=interpreted, Vv=VM code)
j  com.jacob.com.Dispatch.release()V+0
j  com.jacob.com.Dispatch.safeRelease()V+12
j  com.jacob.com.Dispatch.finalize()V+1
j  com.jacob.activeX.ActiveXComponent.finalize()V+1
J 478 C1 java.lang.ref.Finalizer.runFinalizer(Lsun/misc/JavaLangAccess;)V (62 bytes) @ 0x0000000002b45b6c [0x0000000002b45600+0x56c]
J 477 C1 java.lang.ref.Finalizer.access$100(Ljava/lang/ref/Finalizer;Lsun/misc/JavaLangAccess;)V (6 bytes) @ 0x0000000002b48a9c [0x0000000002b48a40+0x5c]
j  java.lang.ref.Finalizer$FinalizerThread.run()V+45
v  ~StubRoutines::call_stub

---------------  P R O C E S S  ---------------

Java Threads: ( => current thread )
  0x00000000574b2000 JavaThread "Exec Stream Pumper" daemon [_thread_in_native, id=7708, stack(0x0000000057b60000,0x0000000057c60000)]
  0x0000000057188000 JavaThread "Exec Stream Pumper" daemon [_thread_in_native, id=7704, stack(0x0000000057890000,0x0000000057990000)]
  0x0000000056ab5800 JavaThread "Exec Default Executor" daemon [_thread_in_native, id=7740, stack(0x00000000581e0000,0x00000000582e0000)]
  0x00000000567db000 JavaThread "Service Thread" daemon [_thread_blocked, id=6104, stack(0x0000000056dc0000,0x0000000056ec0000)]
  0x0000000056780800 JavaThread "C1 CompilerThread2" daemon [_thread_blocked, id=3668, stack(0x0000000056ba0000,0x0000000056ca0000)]
  0x0000000054f2e800 JavaThread "C2 CompilerThread1" daemon [_thread_blocked, id=8012, stack(0x0000000056560000,0x0000000056660000)]
  0x0000000054f28800 JavaThread "C2 CompilerThread0" daemon [_thread_blocked, id=7944, stack(0x0000000056670000,0x0000000056770000)]
  0x0000000054f23800 JavaThread "Attach Listener" daemon [_thread_blocked, id=7900, stack(0x00000000563e0000,0x00000000564e0000)]
  0x0000000054f22800 JavaThread "Signal Dispatcher" daemon [_thread_blocked, id=8008, stack(0x00000000562b0000,0x00000000563b0000)]
=>0x0000000054ec3000 JavaThread "Finalizer" daemon [_thread_in_native, id=7992, stack(0x0000000056150000,0x0000000056250000)]
  0x0000000054ec2000 JavaThread "Reference Handler" daemon [_thread_blocked, id=7968, stack(0x0000000056040000,0x0000000056140000)]
  0x00000000022fe000 JavaThread "Forwarding getTitle on session 22bff0aa-ab5c-4490-8c39-32ef0c11d76b to remote" [_thread_in_native, id=6300, stack(0x0000000002540000,0x0000000002640000)]

Other Threads:
  0x0000000054ebc000 VMThread [stack: 0x0000000055f10000,0x0000000056010000] [id=7948]
  0x00000000567e9800 WatcherThread [stack: 0x0000000056f90000,0x0000000057090000] [id=5784]

VM state:not at safepoint (normal execution)

VM Mutex/Monitor currently owned by a thread: None

Heap:
 PSYoungGen      total 18432K, used 3157K [0x00000000ebb80000, 0x00000000ed000000, 0x0000000100000000)
  eden space 15872K, 3% used [0x00000000ebb80000,0x00000000ebc1d580,0x00000000ecb00000)
  from space 2560K, 98% used [0x00000000ecb00000,0x00000000ecd78040,0x00000000ecd80000)
  to   space 2560K, 0% used [0x00000000ecd80000,0x00000000ecd80000,0x00000000ed000000)
 ParOldGen       total 42496K, used 5330K [0x00000000c3200000, 0x00000000c5b80000, 0x00000000ebb80000)
  object space 42496K, 12% used [0x00000000c3200000,0x00000000c3734b20,0x00000000c5b80000)
 Metaspace       used 14941K, capacity 15136K, committed 15360K, reserved 1062912K
  class space    used 1885K, capacity 1990K, committed 2048K, reserved 1048576K

Card table byte_map: [0x0000000011cd0000,0x0000000011ec0000] byte_map_base: 0x00000000116b7000

Marking Bits: (ParMarkBitMap*) 0x000000005f50a5b0
 Begin Bits: [0x00000000124d0000, 0x0000000013408000)
 End Bits:   [0x0000000013408000, 0x0000000014340000)

Polling page: 0x0000000000150000

CodeCache: size=245760Kb used=5174Kb max_used=5188Kb free=240585Kb
 bounds [0x0000000002910000, 0x0000000002e30000, 0x0000000011910000]
 total_blobs=1937 nmethods=1561 adapters=290
 compilation: enabled

Compilation events (10 events):
Event: 70.994 Thread 0x0000000056780800 nmethod 1577 0x0000000002e1a9d0 code [0x0000000002e1ab60, 0x0000000002e1af88]
Event: 71.040 Thread 0x0000000056780800 1579       3       org.openqa.selenium.remote.Response::setValue (6 bytes)
Event: 71.040 Thread 0x0000000056780800 nmethod 1579 0x0000000002e1b190 code [0x0000000002e1b2e0, 0x0000000002e1b450]
Event: 71.712 Thread 0x0000000056780800 1580       3       sun.reflect.generics.repository.ClassRepository::getSuperInterfaces (77 bytes)
Event: 71.713 Thread 0x0000000056780800 nmethod 1580 0x0000000002e1b4d0 code [0x0000000002e1b6c0, 0x0000000002e1c258]
Event: 73.055 Thread 0x0000000056780800 1581       3       java.util.regex.Pattern::closure (477 bytes)
Event: 73.065 Thread 0x0000000056780800 nmethod 1581 0x0000000002e1c710 code [0x0000000002e1cd60, 0x0000000002e20b08]
Event: 73.634 Thread 0x0000000056780800 1582       3       java.lang.Integer::highestOneBit (38 bytes)
Event: 73.635 Thread 0x0000000056780800 nmethod 1582 0x0000000002e232d0 code [0x0000000002e23420, 0x0000000002e23590]
Event: 73.664 Thread 0x0000000056780800 1583   !   3       java.net.AbstractPlainSocketImpl::close (109 bytes)

GC Heap History (6 events):
Event: 4.232 GC heap before
{Heap before GC invocations=1 (full 0):
 PSYoungGen      total 18432K, used 15872K [0x00000000ebb80000, 0x00000000ed000000, 0x0000000100000000)
  eden space 15872K, 100% used [0x00000000ebb80000,0x00000000ecb00000,0x00000000ecb00000)
  from space 2560K, 0% used [0x00000000ecd80000,0x00000000ecd80000,0x00000000ed000000)
  to   space 2560K, 0% used [0x00000000ecb00000,0x00000000ecb00000,0x00000000ecd80000)
 ParOldGen       total 42496K, used 0K [0x00000000c3200000, 0x00000000c5b80000, 0x00000000ebb80000)
  object space 42496K, 0% used [0x00000000c3200000,0x00000000c3200000,0x00000000c5b80000)
 Metaspace       used 8315K, capacity 8508K, committed 8576K, reserved 1056768K
  class space    used 1064K, capacity 1108K, committed 1152K, reserved 1048576K
Event: 4.240 GC heap after
Heap after GC invocations=1 (full 0):
 PSYoungGen      total 18432K, used 2559K [0x00000000ebb80000, 0x00000000ed000000, 0x0000000100000000)
  eden space 15872K, 0% used [0x00000000ebb80000,0x00000000ebb80000,0x00000000ecb00000)
  from space 2560K, 99% used [0x00000000ecb00000,0x00000000ecd7fe48,0x00000000ecd80000)
  to   space 2560K, 0% used [0x00000000ecd80000,0x00000000ecd80000,0x00000000ed000000)
 ParOldGen       total 42496K, used 1297K [0x00000000c3200000, 0x00000000c5b80000, 0x00000000ebb80000)
  object space 42496K, 3% used [0x00000000c3200000,0x00000000c3344588,0x00000000c5b80000)
 Metaspace       used 8315K, capacity 8508K, committed 8576K, reserved 1056768K
  class space    used 1064K, capacity 1108K, committed 1152K, reserved 1048576K
}
Event: 5.703 GC heap before
{Heap before GC invocations=2 (full 0):
 PSYoungGen      total 18432K, used 18431K [0x00000000ebb80000, 0x00000000ed000000, 0x0000000100000000)
  eden space 15872K, 100% used [0x00000000ebb80000,0x00000000ecb00000,0x00000000ecb00000)
  from space 2560K, 99% used [0x00000000ecb00000,0x00000000ecd7fe48,0x00000000ecd80000)
  to   space 2560K, 0% used [0x00000000ecd80000,0x00000000ecd80000,0x00000000ed000000)
 ParOldGen       total 42496K, used 1297K [0x00000000c3200000, 0x00000000c5b80000, 0x00000000ebb80000)
  object space 42496K, 3% used [0x00000000c3200000,0x00000000c3344588,0x00000000c5b80000)
 Metaspace       used 12456K, capacity 12672K, committed 12800K, reserved 1060864K
  class space    used 1597K, capacity 1702K, committed 1792K, reserved 1048576K
Event: 5.713 GC heap after
Heap after GC invocations=2 (full 0):
 PSYoungGen      total 18432K, used 2528K [0x00000000ebb80000, 0x00000000ed000000, 0x0000000100000000)
  eden space 15872K, 0% used [0x00000000ebb80000,0x00000000ebb80000,0x00000000ecb00000)
  from space 2560K, 98% used [0x00000000ecd80000,0x00000000ecff8030,0x00000000ed000000)
  to   space 2560K, 0% used [0x00000000ecb00000,0x00000000ecb00000,0x00000000ecd80000)
 ParOldGen       total 42496K, used 3530K [0x00000000c3200000, 0x00000000c5b80000, 0x00000000ebb80000)
  object space 42496K, 8% used [0x00000000c3200000,0x00000000c35728d0,0x00000000c5b80000)
 Metaspace       used 12456K, capacity 12672K, committed 12800K, reserved 1060864K
  class space    used 1597K, capacity 1702K, committed 1792K, reserved 1048576K
}
Event: 73.636 GC heap before
{Heap before GC invocations=3 (full 0):
 PSYoungGen      total 18432K, used 18400K [0x00000000ebb80000, 0x00000000ed000000, 0x0000000100000000)
  eden space 15872K, 100% used [0x00000000ebb80000,0x00000000ecb00000,0x00000000ecb00000)
  from space 2560K, 98% used [0x00000000ecd80000,0x00000000ecff8030,0x00000000ed000000)
  to   space 2560K, 0% used [0x00000000ecb00000,0x00000000ecb00000,0x00000000ecd80000)
 ParOldGen       total 42496K, used 3530K [0x00000000c3200000, 0x00000000c5b80000, 0x00000000ebb80000)
  object space 42496K, 8% used [0x00000000c3200000,0x00000000c35728d0,0x00000000c5b80000)
 Metaspace       used 14939K, capacity 15136K, committed 15360K, reserved 1062912K
  class space    used 1885K, capacity 1990K, committed 2048K, reserved 1048576K
Event: 73.652 GC heap after
Heap after GC invocations=3 (full 0):
 PSYoungGen      total 18432K, used 2528K [0x00000000ebb80000, 0x00000000ed000000, 0x0000000100000000)
  eden space 15872K, 0% used [0x00000000ebb80000,0x00000000ebb80000,0x00000000ecb00000)
  from space 2560K, 98% used [0x00000000ecb00000,0x00000000ecd78040,0x00000000ecd80000)
  to   space 2560K, 0% used [0x00000000ecd80000,0x00000000ecd80000,0x00000000ed000000)
 ParOldGen       total 42496K, used 5330K [0x00000000c3200000, 0x00000000c5b80000, 0x00000000ebb80000)
  object space 42496K, 12% used [0x00000000c3200000,0x00000000c3734b20,0x00000000c5b80000)
 Metaspace       used 14939K, capacity 15136K, committed 15360K, reserved 1062912K
  class space    used 1885K, capacity 1990K, committed 2048K, reserved 1048576K
}

Deoptimization events (7 events):
Event: 4.126 Thread 0x00000000022fe000 Uncommon trap: reason=unstable_if action=reinterpret pc=0x0000000002af5e90 method=java.lang.AbstractStringBuilder.append(Ljava/lang/String;)Ljava/lang/AbstractStringBuilder; @ 1
Event: 5.308 Thread 0x00000000022fe000 Uncommon trap: reason=unstable_if action=reinterpret pc=0x0000000002b91a54 method=java.lang.CharacterDataLatin1.digit(II)I @ 82
Event: 5.312 Thread 0x00000000022fe000 Uncommon trap: reason=unstable_if action=reinterpret pc=0x0000000002b99260 method=java.util.regex.Pattern$BmpCharProperty.match(Ljava/util/regex/Matcher;ILjava/lang/CharSequence;)Z @ 5
Event: 5.732 Thread 0x00000000022fe000 Uncommon trap: reason=unstable_if action=reinterpret pc=0x0000000002a74970 method=java.lang.String.replace(CC)Ljava/lang/String; @ 2
Event: 11.468 Thread 0x0000000057188000 Uncommon trap: reason=unstable_if action=reinterpret pc=0x0000000002c79958 method=org.openqa.selenium.remote.internal.CircularOutputStream.write(I)V @ 52
Event: 13.781 Thread 0x00000000022fe000 Uncommon trap: reason=unstable_if action=reinterpret pc=0x0000000002c60088 method=java.util.concurrent.ConcurrentHashMap.putVal(Ljava/lang/Object;Ljava/lang/Object;Z)Ljava/lang/Object; @ 181
Event: 14.648 Thread 0x00000000022fe000 Uncommon trap: reason=unstable_if action=reinterpret pc=0x0000000002c82114 method=java.lang.String.regionMatches(ZILjava/lang/String;II)Z @ 123

Internal exceptions (10 events):
Event: 6.758 Thread 0x00000000022fe000 Exception <a 'java/net/ConnectException': Connection refused: connect> (0x00000000ebbf0a78) thrown at [C:\workspace\8-2-build-windows-amd64-cygwin\jdk8u65\4987\hotspot\src\share\vm\prims\jni.cpp, line 735]
Event: 7.897 Thread 0x00000000022fe000 Exception <a 'java/net/ConnectException': Connection refused: connect> (0x00000000ebbf1ed8) thrown at [C:\workspace\8-2-build-windows-amd64-cygwin\jdk8u65\4987\hotspot\src\share\vm\prims\jni.cpp, line 735]
Event: 9.020 Thread 0x00000000022fe000 Exception <a 'java/net/ConnectException': Connection refused: connect> (0x00000000ebbf3338) thrown at [C:\workspace\8-2-build-windows-amd64-cygwin\jdk8u65\4987\hotspot\src\share\vm\prims\jni.cpp, line 735]
Event: 10.158 Thread 0x00000000022fe000 Exception <a 'java/net/ConnectException': Connection refused: connect> (0x00000000ebbf4798) thrown at [C:\workspace\8-2-build-windows-amd64-cygwin\jdk8u65\4987\hotspot\src\share\vm\prims\jni.cpp, line 735]
Event: 11.267 Thread 0x00000000022fe000 Exception <a 'java/net/ConnectException': Connection refused: connect> (0x00000000ebbf5bf8) thrown at [C:\workspace\8-2-build-windows-amd64-cygwin\jdk8u65\4987\hotspot\src\share\vm\prims\jni.cpp, line 735]
Event: 12.392 Thread 0x00000000022fe000 Exception <a 'java/net/ConnectException': Connection refused: connect> (0x00000000ebbf7058) thrown at [C:\workspace\8-2-build-windows-amd64-cygwin\jdk8u65\4987\hotspot\src\share\vm\prims\jni.cpp, line 735]
Event: 13.668 Thread 0x00000000022fe000 Exception <a 'java/lang/ArrayIndexOutOfBoundsException': 18> (0x00000000ebf46868) thrown at [C:\workspace\8-2-build-windows-amd64-cygwin\jdk8u65\4987\hotspot\src\share\vm\interpreter\interpreterRuntime.cpp, line 366]
Event: 13.669 Thread 0x00000000022fe000 Exception <a 'java/lang/ArrayIndexOutOfBoundsException': 90> (0x00000000ebf47e60) thrown at [C:\workspace\8-2-build-windows-amd64-cygwin\jdk8u65\4987\hotspot\src\share\vm\interpreter\interpreterRuntime.cpp, line 366]
Event: 13.672 Thread 0x00000000022fe000 Exception <a 'java/lang/ArrayIndexOutOfBoundsException': 105> (0x00000000ebf49c10) thrown at [C:\workspace\8-2-build-windows-amd64-cygwin\jdk8u65\4987\hotspot\src\share\vm\interpreter\interpreterRuntime.cpp, line 366]
Event: 13.672 Thread 0x00000000022fe000 Exception <a 'java/lang/ArrayIndexOutOfBoundsException': 60> (0x00000000ebf4ae50) thrown at [C:\workspace\8-2-build-windows-amd64-cygwin\jdk8u65\4987\hotspot\src\share\vm\interpreter\interpreterRuntime.cpp, line 366]

Events (10 events):
Event: 73.663 Executing VM operation: RevokeBias
Event: 73.663 Executing VM operation: RevokeBias done
Event: 73.664 Executing VM operation: RevokeBias
Event: 73.664 Executing VM operation: RevokeBias done
Event: 73.664 Executing VM operation: RevokeBias
Event: 73.664 Executing VM operation: RevokeBias done
Event: 73.664 Executing VM operation: RevokeBias
Event: 73.664 Executing VM operation: RevokeBias done
Event: 73.664 Executing VM operation: BulkRevokeBias
Event: 73.664 Executing VM operation: BulkRevokeBias done


Dynamic libraries:
0x000000013f9a0000 - 0x000000013f9d7000 	C:\Program Files\Java\jdk1.8.0_65\bin\javaw.exe
0x0000000077860000 - 0x0000000077a09000 	C:\Windows\SYSTEM32\ntdll.dll
0x0000000077640000 - 0x000000007775f000 	C:\Windows\system32\kernel32.dll
0x000007fefd6f0000 - 0x000007fefd75c000 	C:\Windows\system32\KERNELBASE.dll
0x000007fefd9c0000 - 0x000007fefda9b000 	C:\Windows\system32\ADVAPI32.dll
0x000007fefde00000 - 0x000007fefde9f000 	C:\Windows\system32\msvcrt.dll
0x000007fefdde0000 - 0x000007fefddff000 	C:\Windows\SYSTEM32\sechost.dll
0x000007feff8d0000 - 0x000007feff9fd000 	C:\Windows\system32\RPCRT4.dll
0x0000000077760000 - 0x000000007785a000 	C:\Windows\system32\USER32.dll
0x000007feffb00000 - 0x000007feffb67000 	C:\Windows\system32\GDI32.dll
0x000007fefe170000 - 0x000007fefe17e000 	C:\Windows\system32\LPK.dll
0x000007feff530000 - 0x000007feff5fa000 	C:\Windows\system32\USP10.dll
0x000007fefc1b0000 - 0x000007fefc3a4000 	C:\Windows\WinSxS\amd64_microsoft.windows.common-controls_6595b64144ccf1df_6.0.7601.18837_none_fa3b1e3d17594757\COMCTL32.dll
0x000007feff850000 - 0x000007feff8c1000 	C:\Windows\system32\SHLWAPI.dll
0x000007feff820000 - 0x000007feff84e000 	C:\Windows\system32\IMM32.DLL
0x000007fefdcd0000 - 0x000007fefddd9000 	C:\Windows\system32\MSCTF.dll
0x0000000075350000 - 0x0000000075388000 	C:\PROGRA~2\Sophos\SOPHOS~2\SOPHOS~2.DLL
0x0000000077a20000 - 0x0000000077a27000 	C:\Windows\system32\PSAPI.DLL
0x000000006bc80000 - 0x000000006bd52000 	C:\Program Files\Java\jdk1.8.0_65\jre\bin\msvcr100.dll
0x000000005ed00000 - 0x000000005f589000 	C:\Program Files\Java\jdk1.8.0_65\jre\bin\server\jvm.dll
0x000007feed410000 - 0x000007feed419000 	C:\Windows\system32\WSOCK32.dll
0x000007fefe6d0000 - 0x000007fefe71d000 	C:\Windows\system32\WS2_32.dll
0x000007feff810000 - 0x000007feff818000 	C:\Windows\system32\NSI.dll
0x000007fef8bd0000 - 0x000007fef8c0b000 	C:\Windows\system32\WINMM.dll
0x000007fefc6a0000 - 0x000007fefc6ac000 	C:\Windows\system32\VERSION.dll
0x0000000071d10000 - 0x0000000071d1f000 	C:\Program Files\Java\jdk1.8.0_65\jre\bin\verify.dll
0x000000006bc50000 - 0x000000006bc79000 	C:\Program Files\Java\jdk1.8.0_65\jre\bin\java.dll
0x000000006bdb0000 - 0x000000006bdc6000 	C:\Program Files\Java\jdk1.8.0_65\jre\bin\zip.dll
0x000007fefe720000 - 0x000007feff4a9000 	C:\Windows\system32\SHELL32.dll
0x000007feff600000 - 0x000007feff803000 	C:\Windows\system32\ole32.dll
0x000007fefd610000 - 0x000007fefd61f000 	C:\Windows\system32\profapi.dll
0x000000006bc30000 - 0x000000006bc4a000 	C:\Program Files\Java\jdk1.8.0_65\jre\bin\net.dll
0x000007fefcd90000 - 0x000007fefcde5000 	C:\Windows\system32\mswsock.dll
0x000007fefcdf0000 - 0x000007fefcdf7000 	C:\Windows\System32\wship6.dll
0x000007fefc7c0000 - 0x000007fefc7c7000 	C:\Windows\System32\wshtcpip.dll
0x000007fefcc20000 - 0x000007fefcc7b000 	C:\Windows\system32\DNSAPI.dll
0x000007fefbfe0000 - 0x000007fefc007000 	C:\Windows\system32\IPHLPAPI.DLL
0x000007fefbfd0000 - 0x000007fefbfdb000 	C:\Windows\system32\WINNSI.DLL
0x000007feed1f0000 - 0x000007feed1f8000 	C:\Windows\system32\rasadhlp.dll
0x000007fef9c30000 - 0x000007fef9c83000 	C:\Windows\System32\fwpuclnt.dll
0x000007fefaed0000 - 0x000007fefaee8000 	C:\Windows\system32\dhcpcsvc.DLL
0x000007fef9b90000 - 0x000007fef9ba1000 	C:\Windows\system32\dhcpcsvc6.DLL
0x000007fefce00000 - 0x000007fefce18000 	C:\Windows\system32\CRYPTSP.dll
0x000007fefcb00000 - 0x000007fefcb47000 	C:\Windows\system32\rsaenh.dll
0x000007fefd9a0000 - 0x000007fefd9be000 	C:\Windows\system32\USERENV.dll
0x000007fefd4a0000 - 0x000007fefd4af000 	C:\Windows\system32\CRYPTBASE.dll
0x000000006bc10000 - 0x000000006bc21000 	C:\Program Files\Java\jdk1.8.0_65\jre\bin\nio.dll
0x000000006bbe0000 - 0x000000006bc04000 	C:\Program Files\Java\jdk1.8.0_65\jre\bin\sunec.dll
0x000007fefd440000 - 0x000007fefd497000 	C:\Windows\system32\apphelp.dll
0x000007fef0ca0000 - 0x000007fef0cd8000 	E:\projects\workspace\AutoIT\lib\jacob-1.18-x64.dll
0x000007feffa20000 - 0x000007feffaf7000 	C:\Windows\system32\OLEAUT32.dll
0x000007fefdaa0000 - 0x000007fefdb39000 	C:\Windows\system32\CLBCatQ.DLL
0x000007fefd4b0000 - 0x000007fefd4c4000 	C:\Windows\system32\RpcRtRemote.dll
0x000007fefbb80000 - 0x000007fefbbd6000 	C:\Windows\system32\uxtheme.dll
0x000007fefd4d0000 - 0x000007fefd561000 	C:\Windows\system32\SXS.DLL
0x000007feee3c0000 - 0x000007feee4e5000 	C:\Windows\system32\dbghelp.dll

VM Arguments:
jvm_args: -Dfile.encoding=Cp1252 
java_command: MainApp
java_class_path (initial): E:\projects\workspace\AutoIT\bin;E:\projects\workspace\AutoIT\lib\AutoItX4Java.jar;E:\projects\workspace\AutoIT\lib\jacob.jar;E:\projects\selenium\selenium-server-standalone-2.48.2.jar
Launcher Type: SUN_STANDARD

Environment Variables:
JAVA_HOME=C:\Program Files\Java\jdk1.8.0_65
PATH=C:/Program Files/Java/jre1.8.0_65/bin/server;C:/Program Files/Java/jre1.8.0_65/bin;C:/Program Files/Java/jre1.8.0_65/lib/amd64;C:\ProgramData\Oracle\Java\javapath;C:\Windows\system32;C:\Windows;C:\Windows\System32\Wbem;C:\Windows\System32\WindowsPowerShell\v1.0\;C:\Program Files (x86)\ATI Technologies\ATI.ACE\Core-Static;C:\Program Files (x86)\Windows Kits\8.1\Windows Performance Toolkit\;C:\Program Files\Microsoft SQL Server\110\Tools\Binn\;C:\Program Files (x86)\Microsoft SDKs\TypeScript\1.0\;C:\Program Files\Microsoft SQL Server\120\Tools\Binn\;C:\Program Files\TortoiseGit\bin;C:\Program Files (x86)\Skype\Phone\;E:\projects\tools\apache-maven-3.3.9\bin;C:\Program Files\Perforce\DVCS\;C:\Program Files (x86)\Sophos\Sophos SSL VPN Client\bin;C:\Program Files\Docker Toolbox;E:\projects\eclipse;
USERNAME=test
OS=Windows_NT
PROCESSOR_IDENTIFIER=Intel64 Family 6 Model 37 Stepping 2, GenuineIntel



---------------  S Y S T E M  ---------------

OS: Windows 7 , 64 bit Build 7601 (6.1.7601.19110)

CPU:total 4 (2 cores per cpu, 2 threads per core) family 6 model 37 stepping 2, cmov, cx8, fxsr, mmx, sse, sse2, sse3, ssse3, sse4.1, sse4.2, popcnt, ht, tsc, tscinvbit

Memory: 4k page, physical 3986480k(847196k free), swap 7971124k(3857904k free)

vm_info: Java HotSpot(TM) 64-Bit Server VM (25.65-b01) for windows-amd64 JRE (1.8.0_65-b17), built on Oct  6 2015 16:39:20 by "java_re" with MS VC++ 10.0 (VS2010)

time: Wed Jan 27 21:44:27 2016
elapsed time: 73 seconds (0d 0h 1m 13s)

