#
# A fatal error has been detected by the Java Runtime Environment:
#
#  EXCEPTION_ACCESS_VIOLATION (0xc0000005) at pc=0x000007fefe0b95d2, pid=5664, tid=7508
#
# JRE version: Java(TM) SE Runtime Environment (8.0_65-b17) (build 1.8.0_65-b17)
# Java VM: Java HotSpot(TM) 64-Bit Server VM (25.65-b01 mixed mode windows-amd64 compressed oops)
# Problematic frame:
# C  [ole32.dll+0x295d2]
#
# Failed to write core dump. Minidumps are not enabled by default on client versions of Windows
#
# If you would like to submit a bug report, please visit:
#   http://bugreport.java.com/bugreport/crash.jsp
# The crash happened outside the Java Virtual Machine in native code.
# See problematic frame for where to report the bug.
#

---------------  T H R E A D  ---------------

Current thread (0x0000000055169000):  JavaThread "Finalizer" daemon [_thread_in_native, id=7508, stack(0x00000000562f0000,0x00000000563f0000)]

siginfo: ExceptionCode=0xc0000005, reading address 0x000000000045f910

Registers:
RAX=0x000007fefe237a70, RBX=0x000000000045f8f0, RCX=0x0000000000482378, RDX=0x0000000000100009
RSP=0x00000000563eebd0, RBP=0x00000000563eed50, RSI=0x0000000000482378, RDI=0x0000000000482370
R8 =0x0000000000000001, R9 =0x0000000000461500, R10=0x000007fefe265400, R11=0x0000000000000001
R12=0x00000000ffffffff, R13=0x00000000597c93c0, R14=0x0000000000000000, R15=0x000007fefe2653d8
RIP=0x000007fefe0b95d2, EFLAGS=0x0000000000010206

Top of Stack: (sp=0x00000000563eebd0)
0x00000000563eebd0:   0000000000461500 000007fefe0b43f5
0x00000000563eebe0:   0000000055169000 00000000563eed70
0x00000000563eebf0:   0000000055169000 00000000563eed70
0x00000000563eec00:   00000000597c93c0 0000000000000000
0x00000000563eec10:   0000000000482370 000007fefe0b9560
0x00000000563eec20:   0000000000000000 0000000000482378
0x00000000563eec30:   00000000563eed50 0000000000000042
0x00000000563eec40:   0000000000000001 000007fefe0b9438
0x00000000563eec50:   0000000000000000 0000000000000001
0x00000000563eec60:   00000000563eed50 0000000000000042
0x00000000563eec70:   00000000563eed70 000007fefe0b9b59
0x00000000563eec80:   0000000000482370 0000000000000042
0x00000000563eec90:   0000000000000000 00000000563eed70
0x00000000563eeca0:   00000000563eed70 000007feea422510
0x00000000563eecb0:   0000000080000000 00000000004915b0
0x00000000563eecc0:   00000000551691f8 00000000c36d0e28 

Instructions: (pc=0x000007fefe0b95d2)
0x000007fefe0b95b2:   ec 20 48 8b 59 10 45 33 f6 41 83 cc ff 48 8b f1
0x000007fefe0b95c2:   4c 8d 3d 0f be 1a 00 49 3b de 0f 84 0e 89 03 00
0x000007fefe0b95d2:   48 8b 4b 20 81 4b 08 82 00 00 00 49 3b ce 0f 85
0x000007fefe0b95e2:   51 7d 00 00 48 8b fb 48 8b 1b 49 3b de 75 e1 4c 


Register to memory mapping:

RAX=0x000007fefe237a70 is an unknown value
RBX=0x000000000045f8f0 is an unknown value
RCX=0x0000000000482378 is an unknown value
RDX=0x0000000000100009 is an unknown value
RSP=0x00000000563eebd0 is pointing into the stack for thread: 0x0000000055169000
RBP=0x00000000563eed50 is pointing into the stack for thread: 0x0000000055169000
RSI=0x0000000000482378 is an unknown value
RDI=0x0000000000482370 is an unknown value
R8 =0x0000000000000001 is an unknown value
R9 =0x0000000000461500 is an unknown value
R10=0x000007fefe265400 is an unknown value
R11=0x0000000000000001 is an unknown value
R12=0x00000000ffffffff is an unallocated location in the heap
R13={method} {0x00000000597c93c8} 'release' '()V' in 'com/jacob/com/Dispatch'
R14=0x0000000000000000 is an unknown value
R15=0x000007fefe2653d8 is an unknown value


Stack: [0x00000000562f0000,0x00000000563f0000],  sp=0x00000000563eebd0,  free space=1018k
Native frames: (J=compiled Java code, j=interpreted, Vv=VM code, C=native code)
C  [ole32.dll+0x295d2]
C  [ole32.dll+0x29560]
C  [ole32.dll+0x29438]
C  [ole32.dll+0x29b59]
C  [jacob-1.18-x64.dll+0x2510]
C  0x00000000028c3b34

Java frames: (J=compiled Java code, j=interpreted, Vv=VM code)
j  com.jacob.com.Dispatch.release()V+0
j  com.jacob.com.Dispatch.safeRelease()V+12
j  com.jacob.com.Dispatch.finalize()V+1
j  com.jacob.activeX.ActiveXComponent.finalize()V+1
J 475 C1 java.lang.ref.Finalizer.runFinalizer(Lsun/misc/JavaLangAccess;)V (62 bytes) @ 0x0000000002aec86c [0x0000000002aec300+0x56c]
J 474 C1 java.lang.ref.Finalizer.access$100(Ljava/lang/ref/Finalizer;Lsun/misc/JavaLangAccess;)V (6 bytes) @ 0x0000000002ae7edc [0x0000000002ae7e80+0x5c]
j  java.lang.ref.Finalizer$FinalizerThread.run()V+45
v  ~StubRoutines::call_stub

---------------  P R O C E S S  ---------------

Java Threads: ( => current thread )
  0x00000000566b0000 JavaThread "Exec Stream Pumper" daemon [_thread_in_native, id=7636, stack(0x0000000057280000,0x0000000057380000)]
  0x0000000057925800 JavaThread "Exec Stream Pumper" daemon [_thread_in_native, id=5268, stack(0x00000000586b0000,0x00000000587b0000)]
  0x0000000057924800 JavaThread "Exec Default Executor" daemon [_thread_in_native, id=5292, stack(0x0000000057fd0000,0x00000000580d0000)]
  0x00000000551cf800 JavaThread "Service Thread" daemon [_thread_blocked, id=7344, stack(0x0000000057170000,0x0000000057270000)]
  0x00000000551cd000 JavaThread "C1 CompilerThread2" daemon [_thread_blocked, id=5740, stack(0x0000000056f60000,0x0000000057060000)]
  0x000000005653b800 JavaThread "C2 CompilerThread1" daemon [_thread_blocked, id=7132, stack(0x0000000056e50000,0x0000000056f50000)]
  0x0000000056536800 JavaThread "C2 CompilerThread0" daemon [_thread_blocked, id=7520, stack(0x0000000056d20000,0x0000000056e20000)]
  0x00000000551c2800 JavaThread "Attach Listener" daemon [_thread_blocked, id=8108, stack(0x0000000056a00000,0x0000000056b00000)]
  0x00000000551c1800 JavaThread "Signal Dispatcher" daemon [_thread_blocked, id=6524, stack(0x0000000056b10000,0x0000000056c10000)]
=>0x0000000055169000 JavaThread "Finalizer" daemon [_thread_in_native, id=7508, stack(0x00000000562f0000,0x00000000563f0000)]
  0x0000000055162000 JavaThread "Reference Handler" daemon [_thread_blocked, id=6416, stack(0x0000000056430000,0x0000000056530000)]
  0x000000000246e000 JavaThread "Forwarding clickElement on session febf23b3-8afb-4618-97c2-53c6d8e57931 to remote" [_thread_in_native, id=7964, stack(0x00000000024e0000,0x00000000025e0000)]

Other Threads:
  0x000000005515c000 VMThread [stack: 0x0000000056160000,0x0000000056260000] [id=468]
  0x00000000565da000 WatcherThread [stack: 0x00000000573c0000,0x00000000574c0000] [id=3212]

VM state:not at safepoint (normal execution)

VM Mutex/Monitor currently owned by a thread: None

Heap:
 PSYoungGen      total 18432K, used 3078K [0x00000000ebb80000, 0x00000000ed000000, 0x0000000100000000)
  eden space 15872K, 3% used [0x00000000ebb80000,0x00000000ebc059c0,0x00000000ecb00000)
  from space 2560K, 99% used [0x00000000ecb00000,0x00000000ecd7c030,0x00000000ecd80000)
  to   space 2560K, 0% used [0x00000000ecd80000,0x00000000ecd80000,0x00000000ed000000)
 ParOldGen       total 42496K, used 5342K [0x00000000c3200000, 0x00000000c5b80000, 0x00000000ebb80000)
  object space 42496K, 12% used [0x00000000c3200000,0x00000000c3737988,0x00000000c5b80000)
 Metaspace       used 14908K, capacity 15136K, committed 15360K, reserved 1062912K
  class space    used 1885K, capacity 1990K, committed 2048K, reserved 1048576K

Card table byte_map: [0x0000000011c70000,0x0000000011e60000] byte_map_base: 0x0000000011657000

Marking Bits: (ParMarkBitMap*) 0x000000005a29a5b0
 Begin Bits: [0x0000000012770000, 0x00000000136a8000)
 End Bits:   [0x00000000136a8000, 0x00000000145e0000)

Polling page: 0x0000000000140000

CodeCache: size=245760Kb used=5002Kb max_used=5003Kb free=240757Kb
 bounds [0x00000000028b0000, 0x0000000002da0000, 0x00000000118b0000]
 total_blobs=1873 nmethods=1497 adapters=290
 compilation: enabled

Compilation events (10 events):
Event: 55.441 Thread 0x00000000551cd000 1516       3       java.util.Formatter::ensureOpen (16 bytes)
Event: 55.441 Thread 0x00000000551cd000 nmethod 1516 0x0000000002d79710 code [0x0000000002d79880, 0x0000000002d79a88]
Event: 55.441 Thread 0x00000000551cd000 1515       3       com.google.common.collect.SingletonImmutableSet::<init> (13 bytes)
Event: 55.442 Thread 0x00000000551cd000 nmethod 1515 0x0000000002d78f50 code [0x0000000002d790e0, 0x0000000002d79508]
Event: 55.650 Thread 0x00000000551cd000 1517       3       java.util.regex.Pattern$Start::<init> (35 bytes)
Event: 55.651 Thread 0x00000000551cd000 nmethod 1517 0x0000000002d78690 code [0x0000000002d78820, 0x0000000002d78d48]
Event: 55.651 Thread 0x00000000551cd000 1518       3       java.util.regex.Pattern$TreeInfo::<init> (9 bytes)
Event: 55.651 Thread 0x00000000551cd000 nmethod 1518 0x0000000002d781d0 code [0x0000000002d78340, 0x0000000002d785d0]
Event: 56.834 Thread 0x00000000551cd000 1519   !   3       java.net.AbstractPlainSocketImpl::close (109 bytes)
Event: 56.835 Thread 0x00000000551cd000 nmethod 1519 0x0000000002d91ed0 code [0x0000000002d920c0, 0x0000000002d92b88]

GC Heap History (6 events):
Event: 3.455 GC heap before
{Heap before GC invocations=1 (full 0):
 PSYoungGen      total 18432K, used 15872K [0x00000000ebb80000, 0x00000000ed000000, 0x0000000100000000)
  eden space 15872K, 100% used [0x00000000ebb80000,0x00000000ecb00000,0x00000000ecb00000)
  from space 2560K, 0% used [0x00000000ecd80000,0x00000000ecd80000,0x00000000ed000000)
  to   space 2560K, 0% used [0x00000000ecb00000,0x00000000ecb00000,0x00000000ecd80000)
 ParOldGen       total 42496K, used 0K [0x00000000c3200000, 0x00000000c5b80000, 0x00000000ebb80000)
  object space 42496K, 0% used [0x00000000c3200000,0x00000000c3200000,0x00000000c5b80000)
 Metaspace       used 8245K, capacity 8444K, committed 8576K, reserved 1056768K
  class space    used 1056K, capacity 1108K, committed 1152K, reserved 1048576K
Event: 3.463 GC heap after
Heap after GC invocations=1 (full 0):
 PSYoungGen      total 18432K, used 2536K [0x00000000ebb80000, 0x00000000ed000000, 0x0000000100000000)
  eden space 15872K, 0% used [0x00000000ebb80000,0x00000000ebb80000,0x00000000ecb00000)
  from space 2560K, 99% used [0x00000000ecb00000,0x00000000ecd7a318,0x00000000ecd80000)
  to   space 2560K, 0% used [0x00000000ecd80000,0x00000000ecd80000,0x00000000ed000000)
 ParOldGen       total 42496K, used 1267K [0x00000000c3200000, 0x00000000c5b80000, 0x00000000ebb80000)
  object space 42496K, 2% used [0x00000000c3200000,0x00000000c333ce18,0x00000000c5b80000)
 Metaspace       used 8245K, capacity 8444K, committed 8576K, reserved 1056768K
  class space    used 1056K, capacity 1108K, committed 1152K, reserved 1048576K
}
Event: 4.961 GC heap before
{Heap before GC invocations=2 (full 0):
 PSYoungGen      total 18432K, used 18408K [0x00000000ebb80000, 0x00000000ed000000, 0x0000000100000000)
  eden space 15872K, 100% used [0x00000000ebb80000,0x00000000ecb00000,0x00000000ecb00000)
  from space 2560K, 99% used [0x00000000ecb00000,0x00000000ecd7a318,0x00000000ecd80000)
  to   space 2560K, 0% used [0x00000000ecd80000,0x00000000ecd80000,0x00000000ed000000)
 ParOldGen       total 42496K, used 1267K [0x00000000c3200000, 0x00000000c5b80000, 0x00000000ebb80000)
  object space 42496K, 2% used [0x00000000c3200000,0x00000000c333ce18,0x00000000c5b80000)
 Metaspace       used 12354K, capacity 12608K, committed 12800K, reserved 1060864K
  class space    used 1590K, capacity 1702K, committed 1792K, reserved 1048576K
Event: 4.971 GC heap after
Heap after GC invocations=2 (full 0):
 PSYoungGen      total 18432K, used 2544K [0x00000000ebb80000, 0x00000000ed000000, 0x0000000100000000)
  eden space 15872K, 0% used [0x00000000ebb80000,0x00000000ebb80000,0x00000000ecb00000)
  from space 2560K, 99% used [0x00000000ecd80000,0x00000000ecffc020,0x00000000ed000000)
  to   space 2560K, 0% used [0x00000000ecb00000,0x00000000ecb00000,0x00000000ecd80000)
 ParOldGen       total 42496K, used 3474K [0x00000000c3200000, 0x00000000c5b80000, 0x00000000ebb80000)
  object space 42496K, 8% used [0x00000000c3200000,0x00000000c3564bb0,0x00000000c5b80000)
 Metaspace       used 12354K, capacity 12608K, committed 12800K, reserved 1060864K
  class space    used 1590K, capacity 1702K, committed 1792K, reserved 1048576K
}
Event: 56.817 GC heap before
{Heap before GC invocations=3 (full 0):
 PSYoungGen      total 18432K, used 18416K [0x00000000ebb80000, 0x00000000ed000000, 0x0000000100000000)
  eden space 15872K, 100% used [0x00000000ebb80000,0x00000000ecb00000,0x00000000ecb00000)
  from space 2560K, 99% used [0x00000000ecd80000,0x00000000ecffc020,0x00000000ed000000)
  to   space 2560K, 0% used [0x00000000ecb00000,0x00000000ecb00000,0x00000000ecd80000)
 ParOldGen       total 42496K, used 3474K [0x00000000c3200000, 0x00000000c5b80000, 0x00000000ebb80000)
  object space 42496K, 8% used [0x00000000c3200000,0x00000000c3564bb0,0x00000000c5b80000)
 Metaspace       used 14904K, capacity 15136K, committed 15360K, reserved 1062912K
  class space    used 1885K, capacity 1990K, committed 2048K, reserved 1048576K
Event: 56.827 GC heap after
Heap after GC invocations=3 (full 0):
 PSYoungGen      total 18432K, used 2544K [0x00000000ebb80000, 0x00000000ed000000, 0x0000000100000000)
  eden space 15872K, 0% used [0x00000000ebb80000,0x00000000ebb80000,0x00000000ecb00000)
  from space 2560K, 99% used [0x00000000ecb00000,0x00000000ecd7c030,0x00000000ecd80000)
  to   space 2560K, 0% used [0x00000000ecd80000,0x00000000ecd80000,0x00000000ed000000)
 ParOldGen       total 42496K, used 5342K [0x00000000c3200000, 0x00000000c5b80000, 0x00000000ebb80000)
  object space 42496K, 12% used [0x00000000c3200000,0x00000000c3737988,0x00000000c5b80000)
 Metaspace       used 14904K, capacity 15136K, committed 15360K, reserved 1062912K
  class space    used 1885K, capacity 1990K, committed 2048K, reserved 1048576K
}

Deoptimization events (7 events):
Event: 3.332 Thread 0x000000000246e000 Uncommon trap: reason=unstable_if action=reinterpret pc=0x0000000002abdad0 method=java.lang.AbstractStringBuilder.append(Ljava/lang/String;)Ljava/lang/AbstractStringBuilder; @ 1
Event: 4.610 Thread 0x000000000246e000 Uncommon trap: reason=unstable_if action=reinterpret pc=0x0000000002b2e294 method=java.lang.CharacterDataLatin1.digit(II)I @ 82
Event: 4.614 Thread 0x000000000246e000 Uncommon trap: reason=unstable_if action=reinterpret pc=0x0000000002b37de0 method=java.util.regex.Pattern$BmpCharProperty.match(Ljava/util/regex/Matcher;ILjava/lang/CharSequence;)Z @ 5
Event: 4.997 Thread 0x000000000246e000 Uncommon trap: reason=unstable_if action=reinterpret pc=0x0000000002a128b0 method=java.lang.String.replace(CC)Ljava/lang/String; @ 2
Event: 13.810 Thread 0x000000000246e000 Uncommon trap: reason=unstable_if action=reinterpret pc=0x0000000002bd7508 method=java.util.concurrent.ConcurrentHashMap.putVal(Ljava/lang/Object;Ljava/lang/Object;Z)Ljava/lang/Object; @ 181
Event: 14.094 Thread 0x000000000246e000 Uncommon trap: reason=unstable_if action=reinterpret pc=0x0000000002bfba94 method=java.lang.String.regionMatches(ZILjava/lang/String;II)Z @ 123
Event: 18.843 Thread 0x00000000566b0000 Uncommon trap: reason=unstable_if action=reinterpret pc=0x0000000002bf2258 method=org.openqa.selenium.remote.internal.CircularOutputStream.write(I)V @ 52

Internal exceptions (10 events):
Event: 7.166 Thread 0x000000000246e000 Exception <a 'java/net/ConnectException': Connection refused: connect> (0x00000000ebc2f7f8) thrown at [C:\workspace\8-2-build-windows-amd64-cygwin\jdk8u65\4987\hotspot\src\share\vm\prims\jni.cpp, line 735]
Event: 8.306 Thread 0x000000000246e000 Exception <a 'java/net/ConnectException': Connection refused: connect> (0x00000000ebc30c58) thrown at [C:\workspace\8-2-build-windows-amd64-cygwin\jdk8u65\4987\hotspot\src\share\vm\prims\jni.cpp, line 735]
Event: 9.444 Thread 0x000000000246e000 Exception <a 'java/net/ConnectException': Connection refused: connect> (0x00000000ebc320b8) thrown at [C:\workspace\8-2-build-windows-amd64-cygwin\jdk8u65\4987\hotspot\src\share\vm\prims\jni.cpp, line 735]
Event: 10.570 Thread 0x000000000246e000 Exception <a 'java/net/ConnectException': Connection refused: connect> (0x00000000ebc33518) thrown at [C:\workspace\8-2-build-windows-amd64-cygwin\jdk8u65\4987\hotspot\src\share\vm\prims\jni.cpp, line 735]
Event: 11.666 Thread 0x000000000246e000 Exception <a 'java/net/ConnectException': Connection refused: connect> (0x00000000ebc34978) thrown at [C:\workspace\8-2-build-windows-amd64-cygwin\jdk8u65\4987\hotspot\src\share\vm\prims\jni.cpp, line 735]
Event: 12.767 Thread 0x000000000246e000 Exception <a 'java/net/ConnectException': Connection refused: connect> (0x00000000ebc35dd8) thrown at [C:\workspace\8-2-build-windows-amd64-cygwin\jdk8u65\4987\hotspot\src\share\vm\prims\jni.cpp, line 735]
Event: 13.601 Thread 0x000000000246e000 Exception <a 'java/lang/ArrayIndexOutOfBoundsException': 18> (0x00000000ebf85e50) thrown at [C:\workspace\8-2-build-windows-amd64-cygwin\jdk8u65\4987\hotspot\src\share\vm\interpreter\interpreterRuntime.cpp, line 366]
Event: 13.602 Thread 0x000000000246e000 Exception <a 'java/lang/ArrayIndexOutOfBoundsException': 90> (0x00000000ebf87448) thrown at [C:\workspace\8-2-build-windows-amd64-cygwin\jdk8u65\4987\hotspot\src\share\vm\interpreter\interpreterRuntime.cpp, line 366]
Event: 13.605 Thread 0x000000000246e000 Exception <a 'java/lang/ArrayIndexOutOfBoundsException': 105> (0x00000000ebf891f8) thrown at [C:\workspace\8-2-build-windows-amd64-cygwin\jdk8u65\4987\hotspot\src\share\vm\interpreter\interpreterRuntime.cpp, line 366]
Event: 13.606 Thread 0x000000000246e000 Exception <a 'java/lang/ArrayIndexOutOfBoundsException': 60> (0x00000000ebf8a438) thrown at [C:\workspace\8-2-build-windows-amd64-cygwin\jdk8u65\4987\hotspot\src\share\vm\interpreter\interpreterRuntime.cpp, line 366]

Events (10 events):
Event: 56.833 Executing VM operation: RevokeBias
Event: 56.833 Executing VM operation: RevokeBias done
Event: 56.833 Executing VM operation: RevokeBias
Event: 56.833 Executing VM operation: RevokeBias done
Event: 56.833 Executing VM operation: BulkRevokeBias
Event: 56.833 Executing VM operation: BulkRevokeBias done
Event: 56.835 Thread 0x00000000551cd000 flushing nmethod 0x00000000029bb4d0
Event: 56.835 Thread 0x00000000551cd000 flushing nmethod 0x00000000029ca910
Event: 56.835 Thread 0x00000000551cd000 flushing nmethod 0x00000000029d64d0
Event: 56.835 Thread 0x00000000551cd000 flushing nmethod 0x00000000029da250


Dynamic libraries:
0x000000013f6e0000 - 0x000000013f717000 	C:\Program Files\Java\jdk1.8.0_65\bin\javaw.exe
0x0000000077b00000 - 0x0000000077ca9000 	C:\Windows\SYSTEM32\ntdll.dll
0x00000000778e0000 - 0x0000000077a00000 	C:\Windows\system32\kernel32.dll
0x000007fefd8e0000 - 0x000007fefd94c000 	C:\Windows\system32\KERNELBASE.dll
0x000007feffb50000 - 0x000007feffc2b000 	C:\Windows\system32\ADVAPI32.dll
0x000007fefdcd0000 - 0x000007fefdd6f000 	C:\Windows\system32\msvcrt.dll
0x000007fefe440000 - 0x000007fefe45f000 	C:\Windows\SYSTEM32\sechost.dll
0x000007fefdf60000 - 0x000007fefe08d000 	C:\Windows\system32\RPCRT4.dll
0x0000000077a00000 - 0x0000000077afa000 	C:\Windows\system32\USER32.dll
0x000007fefdc60000 - 0x000007fefdcc7000 	C:\Windows\system32\GDI32.dll
0x000007fefe380000 - 0x000007fefe38e000 	C:\Windows\system32\LPK.dll
0x000007fefdd70000 - 0x000007fefde3a000 	C:\Windows\system32\USP10.dll
0x000007fefc520000 - 0x000007fefc714000 	C:\Windows\WinSxS\amd64_microsoft.windows.common-controls_6595b64144ccf1df_6.0.7601.18837_none_fa3b1e3d17594757\COMCTL32.dll
0x000007fefde40000 - 0x000007fefdeb1000 	C:\Windows\system32\SHLWAPI.dll
0x000007fefe410000 - 0x000007fefe43e000 	C:\Windows\system32\IMM32.DLL
0x000007fefe460000 - 0x000007fefe569000 	C:\Windows\system32\MSCTF.dll
0x00000000755f0000 - 0x0000000075628000 	C:\PROGRA~2\Sophos\SOPHOS~2\SOPHOS~2.DLL
0x0000000077cc0000 - 0x0000000077cc7000 	C:\Windows\system32\PSAPI.DLL
0x000000006d7a0000 - 0x000000006d872000 	C:\Program Files\Java\jdk1.8.0_65\jre\bin\msvcr100.dll
0x0000000059a90000 - 0x000000005a319000 	C:\Program Files\Java\jdk1.8.0_65\jre\bin\server\jvm.dll
0x000007feebda0000 - 0x000007feebda9000 	C:\Windows\system32\WSOCK32.dll
0x000007feff940000 - 0x000007feff98d000 	C:\Windows\system32\WS2_32.dll
0x000007feffb40000 - 0x000007feffb48000 	C:\Windows\system32\NSI.dll
0x000007fef8de0000 - 0x000007fef8e1b000 	C:\Windows\system32\WINMM.dll
0x000007fefc450000 - 0x000007fefc45c000 	C:\Windows\system32\VERSION.dll
0x000000006d950000 - 0x000000006d95f000 	C:\Program Files\Java\jdk1.8.0_65\jre\bin\verify.dll
0x000000006d920000 - 0x000000006d949000 	C:\Program Files\Java\jdk1.8.0_65\jre\bin\java.dll
0x000000006d900000 - 0x000000006d916000 	C:\Program Files\Java\jdk1.8.0_65\jre\bin\zip.dll
0x000007fefe8e0000 - 0x000007feff669000 	C:\Windows\system32\SHELL32.dll
0x000007fefe090000 - 0x000007fefe293000 	C:\Windows\system32\ole32.dll
0x000007fefd8a0000 - 0x000007fefd8af000 	C:\Windows\system32\profapi.dll
0x000000006d8e0000 - 0x000000006d8fa000 	C:\Program Files\Java\jdk1.8.0_65\jre\bin\net.dll
0x000007fefd040000 - 0x000007fefd095000 	C:\Windows\system32\mswsock.dll
0x000007fefd030000 - 0x000007fefd037000 	C:\Windows\System32\wship6.dll
0x000007fefca60000 - 0x000007fefca67000 	C:\Windows\System32\wshtcpip.dll
0x000007fefcec0000 - 0x000007fefcf1b000 	C:\Windows\system32\DNSAPI.dll
0x000007fefc0a0000 - 0x000007fefc0c7000 	C:\Windows\system32\IPHLPAPI.DLL
0x000007fefc090000 - 0x000007fefc09b000 	C:\Windows\system32\WINNSI.DLL
0x000007feecd20000 - 0x000007feecd28000 	C:\Windows\system32\rasadhlp.dll
0x000007fef9ea0000 - 0x000007fef9ef3000 	C:\Windows\System32\fwpuclnt.dll
0x000007fef9f00000 - 0x000007fef9f18000 	C:\Windows\system32\dhcpcsvc.DLL
0x000007fef9f20000 - 0x000007fef9f31000 	C:\Windows\system32\dhcpcsvc6.DLL
0x000007fefd0a0000 - 0x000007fefd0b8000 	C:\Windows\system32\CRYPTSP.dll
0x000007fefcda0000 - 0x000007fefcde7000 	C:\Windows\system32\rsaenh.dll
0x000007fefd980000 - 0x000007fefd99e000 	C:\Windows\system32\USERENV.dll
0x000007fefd740000 - 0x000007fefd74f000 	C:\Windows\system32\CRYPTBASE.dll
0x000000006d8c0000 - 0x000000006d8d1000 	C:\Program Files\Java\jdk1.8.0_65\jre\bin\nio.dll
0x000000006d890000 - 0x000000006d8b4000 	C:\Program Files\Java\jdk1.8.0_65\jre\bin\sunec.dll
0x000007fefd6e0000 - 0x000007fefd737000 	C:\Windows\system32\apphelp.dll
0x000007feea420000 - 0x000007feea458000 	E:\projects\workspace\AutoIT\lib\jacob-1.18-x64.dll
0x000007fefe2a0000 - 0x000007fefe377000 	C:\Windows\system32\OLEAUT32.dll
0x000007fefe570000 - 0x000007fefe609000 	C:\Windows\system32\CLBCatQ.DLL
0x000007fefd750000 - 0x000007fefd764000 	C:\Windows\system32\RpcRtRemote.dll
0x000007fefc0d0000 - 0x000007fefc126000 	C:\Windows\system32\uxtheme.dll
0x000007fefd770000 - 0x000007fefd801000 	C:\Windows\system32\SXS.DLL
0x000007feec9b0000 - 0x000007feecad5000 	C:\Windows\system32\dbghelp.dll

VM Arguments:
jvm_args: -Dfile.encoding=Cp1252 
java_command: MainApp
java_class_path (initial): E:\projects\workspace\AutoIT\bin;E:\projects\workspace\AutoIT\lib\AutoItX4Java.jar;E:\projects\workspace\AutoIT\lib\jacob.jar;E:\projects\selenium\selenium-server-standalone-2.48.2.jar
Launcher Type: SUN_STANDARD

Environment Variables:
JAVA_HOME=C:\Program Files\Java\jdk1.8.0_65
PATH=C:/Program Files/Java/jre1.8.0_65/bin/server;C:/Program Files/Java/jre1.8.0_65/bin;C:/Program Files/Java/jre1.8.0_65/lib/amd64;C:\ProgramData\Oracle\Java\javapath;C:\Windows\system32;C:\Windows;C:\Windows\System32\Wbem;C:\Windows\System32\WindowsPowerShell\v1.0\;C:\Program Files (x86)\ATI Technologies\ATI.ACE\Core-Static;C:\Program Files (x86)\Windows Kits\8.1\Windows Performance Toolkit\;C:\Program Files\Microsoft SQL Server\110\Tools\Binn\;C:\Program Files (x86)\Microsoft SDKs\TypeScript\1.0\;C:\Program Files\Microsoft SQL Server\120\Tools\Binn\;C:\Program Files\TortoiseGit\bin;C:\Program Files\Perforce;C:\Program Files (x86)\Skype\Phone\;E:\projects\tools\apache-maven-3.3.9\bin;C:\Program Files (x86)\Sophos\Sophos SSL VPN Client\bin;C:\Program Files\Docker Toolbox;E:\projects\eclipse;
USERNAME=test
OS=Windows_NT
PROCESSOR_IDENTIFIER=Intel64 Family 6 Model 37 Stepping 2, GenuineIntel



---------------  S Y S T E M  ---------------

OS: Windows 7 , 64 bit Build 7601 (6.1.7601.19045)

CPU:total 4 (2 cores per cpu, 2 threads per core) family 6 model 37 stepping 2, cmov, cx8, fxsr, mmx, sse, sse2, sse3, ssse3, sse4.1, sse4.2, popcnt, ht, tsc, tscinvbit

Memory: 4k page, physical 3986480k(988680k free), swap 7971124k(2837572k free)

vm_info: Java HotSpot(TM) 64-Bit Server VM (25.65-b01) for windows-amd64 JRE (1.8.0_65-b17), built on Oct  6 2015 16:39:20 by "java_re" with MS VC++ 10.0 (VS2010)

time: Tue Dec 15 21:22:15 2015
elapsed time: 57 seconds (0d 0h 0m 57s)

