#
# A fatal error has been detected by the Java Runtime Environment:
#
#  EXCEPTION_ACCESS_VIOLATION (0xc0000005) at pc=0x000007feff629657, pid=5780, tid=6048
#
# JRE version: Java(TM) SE Runtime Environment (8.0_65-b17) (build 1.8.0_65-b17)
# Java VM: Java HotSpot(TM) 64-Bit Server VM (25.65-b01 mixed mode windows-amd64 compressed oops)
# Problematic frame:
# C  [ole32.dll+0x29657]
#
# Failed to write core dump. Minidumps are not enabled by default on client versions of Windows
#
# If you would like to submit a bug report, please visit:
#   http://bugreport.java.com/bugreport/crash.jsp
# The crash happened outside the Java Virtual Machine in native code.
# See problematic frame for where to report the bug.
#

---------------  T H R E A D  ---------------

Current thread (0x0000000054ec9000):  JavaThread "Finalizer" daemon [_thread_in_native, id=6048, stack(0x00000000563f0000,0x00000000564f0000)]

siginfo: ExceptionCode=0xc0000005, writing address 0x00000000002f16e8

Registers:
RAX=0x000007feff7d7910, RBX=0x0000000000000000, RCX=0x00000000002f1680, RDX=0x000000000032a1f0
RSP=0x00000000564eedb0, RBP=0x000007feff7a67d0, RSI=0x0000000000328338, RDI=0x000000000032a2d0
R8 =0x00000000002e6bf0, R9 =0x000000ffffffffff, R10=0x0000000000268e10, R11=0x0000000000000001
R12=0x00000000ffffffff, R13=0x0000000059797658, R14=0x0000000000000000, R15=0x000007feff7d53d8
RIP=0x000007feff629657, EFLAGS=0x0000000000010246

Top of Stack: (sp=0x00000000564eedb0)
0x00000000564eedb0:   000000000032a2d0 000000005ee39276
0x00000000564eedc0:   0000000054ec9000 00000000564eef50
0x00000000564eedd0:   0000000054ec9000 00000000564eef50
0x00000000564eede0:   0000000059797658 0000000000000000
0x00000000564eedf0:   0000000000328330 000007feff629560
0x00000000564eee00:   0000000000000000 0000000000328338
0x00000000564eee10:   00000000564eef30 0000000000000042
0x00000000564eee20:   0000000000000001 000007feff629438
0x00000000564eee30:   0000000000000000 0000000000000001
0x00000000564eee40:   00000000564eef30 0000000000000042
0x00000000564eee50:   00000000564eef50 000007feff629b59
0x00000000564eee60:   0000000000328330 0000000000000042
0x00000000564eee70:   0000000000000000 00000000564eef50
0x00000000564eee80:   00000000564eef50 000007fef2522510
0x00000000564eee90:   0000000080000000 00000000002f94b0
0x00000000564eeea0:   0000000054ec91f8 0000000000000000 

Instructions: (pc=0x000007feff629657)
0x000007feff629637:   e3 17 00 c7 05 cc d5 1a 00 82 17 00 00 48 89 05
0x000007feff629647:   cd d5 1a 00 48 8b 56 10 48 8b 4a 60 48 8b 42 68
0x000007feff629657:   48 89 41 68 48 8b 4a 68 48 8b 42 60 48 89 41 60
0x000007feff629667:   48 8b 5e 10 44 39 35 5a f1 1a 00 0f 85 d5 88 03 


Register to memory mapping:

RAX=0x000007feff7d7910 is an unknown value
RBX=0x0000000000000000 is an unknown value
RCX=0x00000000002f1680 is an unknown value
RDX=0x000000000032a1f0 is an unknown value
RSP=0x00000000564eedb0 is pointing into the stack for thread: 0x0000000054ec9000
RBP=0x000007feff7a67d0 is an unknown value
RSI=0x0000000000328338 is an unknown value
RDI=0x000000000032a2d0 is an unknown value
R8 =0x00000000002e6bf0 is an unknown value
R9 =0x000000ffffffffff is an unknown value
R10=0x0000000000268e10 is an unknown value
R11=0x0000000000000001 is an unknown value
R12=0x00000000ffffffff is an unallocated location in the heap
R13={method} {0x0000000059797660} 'release' '()V' in 'com/jacob/com/Dispatch'
R14=0x0000000000000000 is an unknown value
R15=0x000007feff7d53d8 is an unknown value


Stack: [0x00000000563f0000,0x00000000564f0000],  sp=0x00000000564eedb0,  free space=1019k
Native frames: (J=compiled Java code, j=interpreted, Vv=VM code, C=native code)
C  [ole32.dll+0x29657]
C  [ole32.dll+0x29560]
C  [ole32.dll+0x29438]
C  [ole32.dll+0x29b59]
C  [jacob-1.18-x64.dll+0x2510]
C  0x0000000002983b34

Java frames: (J=compiled Java code, j=interpreted, Vv=VM code)
j  com.jacob.com.Dispatch.release()V+0
j  com.jacob.com.Dispatch.safeRelease()V+12
j  com.jacob.com.Dispatch.finalize()V+1
j  com.jacob.activeX.ActiveXComponent.finalize()V+1
J 474 C1 java.lang.ref.Finalizer.runFinalizer(Lsun/misc/JavaLangAccess;)V (62 bytes) @ 0x0000000002bab26c [0x0000000002baad00+0x56c]
J 473 C1 java.lang.ref.Finalizer.access$100(Ljava/lang/ref/Finalizer;Lsun/misc/JavaLangAccess;)V (6 bytes) @ 0x0000000002bacfdc [0x0000000002bacf80+0x5c]
j  java.lang.ref.Finalizer$FinalizerThread.run()V+45
v  ~StubRoutines::call_stub

---------------  P R O C E S S  ---------------

Java Threads: ( => current thread )
  0x000000005656e800 JavaThread "Exec Stream Pumper" daemon [_thread_in_native, id=3736, stack(0x0000000058680000,0x0000000058780000)]
  0x000000005656d800 JavaThread "Exec Stream Pumper" daemon [_thread_in_native, id=2504, stack(0x00000000584c0000,0x00000000585c0000)]
  0x000000005656d000 JavaThread "Exec Default Executor" daemon [_thread_in_native, id=3288, stack(0x00000000582e0000,0x00000000583e0000)]
  0x000000005656c000 JavaThread "Service Thread" daemon [_thread_blocked, id=3024, stack(0x0000000056100000,0x0000000056200000)]
  0x00000000564f9000 JavaThread "C1 CompilerThread2" daemon [_thread_blocked, id=1016, stack(0x00000000570c0000,0x00000000571c0000)]
  0x00000000564f7800 JavaThread "C2 CompilerThread1" daemon [_thread_blocked, id=5776, stack(0x0000000056e50000,0x0000000056f50000)]
  0x00000000564f2800 JavaThread "C2 CompilerThread0" daemon [_thread_blocked, id=5616, stack(0x0000000056ce0000,0x0000000056de0000)]
  0x0000000054f23000 JavaThread "Attach Listener" daemon [_thread_blocked, id=4220, stack(0x0000000056b10000,0x0000000056c10000)]
  0x0000000054f21800 JavaThread "Signal Dispatcher" daemon [_thread_blocked, id=4580, stack(0x0000000056960000,0x0000000056a60000)]
=>0x0000000054ec9000 JavaThread "Finalizer" daemon [_thread_in_native, id=6048, stack(0x00000000563f0000,0x00000000564f0000)]
  0x0000000054ec2000 JavaThread "Reference Handler" daemon [_thread_blocked, id=4828, stack(0x0000000056260000,0x0000000056360000)]
  0x000000000048e000 JavaThread "Forwarding getTitle on session 0e1c22f1-75c1-4340-b039-d55baed2dedf to remote" [_thread_in_native, id=2976, stack(0x00000000025a0000,0x00000000026a0000)]

Other Threads:
  0x0000000054ebc000 VMThread [stack: 0x0000000055ff0000,0x00000000560f0000] [id=4840]
  0x000000005659b000 WatcherThread [stack: 0x0000000057300000,0x0000000057400000] [id=4680]

VM state:not at safepoint (normal execution)

VM Mutex/Monitor currently owned by a thread: None

Heap:
 PSYoungGen      total 18432K, used 3014K [0x00000000ebb80000, 0x00000000ed000000, 0x0000000100000000)
  eden space 15872K, 2% used [0x00000000ebb80000,0x00000000ebbf5978,0x00000000ecb00000)
  from space 2560K, 99% used [0x00000000ecb00000,0x00000000ecd7c030,0x00000000ecd80000)
  to   space 2560K, 0% used [0x00000000ecd80000,0x00000000ecd80000,0x00000000ed000000)
 ParOldGen       total 42496K, used 5361K [0x00000000c3200000, 0x00000000c5b80000, 0x00000000ebb80000)
  object space 42496K, 12% used [0x00000000c3200000,0x00000000c373c630,0x00000000c5b80000)
 Metaspace       used 14911K, capacity 15136K, committed 15360K, reserved 1062912K
  class space    used 1885K, capacity 1990K, committed 2048K, reserved 1048576K

Card table byte_map: [0x0000000011d30000,0x0000000011f20000] byte_map_base: 0x0000000011717000

Marking Bits: (ParMarkBitMap*) 0x000000005f50a5b0
 Begin Bits: [0x00000000124d0000, 0x0000000013408000)
 End Bits:   [0x0000000013408000, 0x0000000014340000)

Polling page: 0x0000000000240000

CodeCache: size=245760Kb used=5061Kb max_used=5117Kb free=240698Kb
 bounds [0x0000000002970000, 0x0000000002e80000, 0x0000000011970000]
 total_blobs=1883 nmethods=1507 adapters=290
 compilation: enabled

Compilation events (10 events):
Event: 69.465 Thread 0x00000000564f9000 nmethod 1549 0x0000000002e6f1d0 code [0x0000000002e6f380, 0x0000000002e6f848]
Event: 69.465 Thread 0x00000000564f9000 1550       3       com.google.common.collect.SingletonImmutableSet::<init> (13 bytes)
Event: 69.466 Thread 0x00000000564f9000 nmethod 1550 0x0000000002e6fb50 code [0x0000000002e6fce0, 0x0000000002e70108]
Event: 69.517 Thread 0x00000000564f9000 1551       3       org.openqa.selenium.remote.Response::setValue (6 bytes)
Event: 69.517 Thread 0x00000000564f9000 nmethod 1551 0x0000000002e70310 code [0x0000000002e70460, 0x0000000002e705d0]
Event: 70.229 Thread 0x00000000564f9000 1552       3       java.util.regex.Pattern$Start::<init> (35 bytes)
Event: 70.250 Thread 0x00000000564f9000 nmethod 1552 0x0000000002e70650 code [0x0000000002e707e0, 0x0000000002e70d08]
Event: 70.250 Thread 0x00000000564f9000 1553       3       java.util.regex.Pattern$TreeInfo::<init> (9 bytes)
Event: 70.250 Thread 0x00000000564f9000 nmethod 1553 0x0000000002e70f10 code [0x0000000002e71080, 0x0000000002e71310]
Event: 70.258 Thread 0x00000000564f9000 1554   !   3       java.net.AbstractPlainSocketImpl::close (109 bytes)

GC Heap History (6 events):
Event: 3.634 GC heap before
{Heap before GC invocations=1 (full 0):
 PSYoungGen      total 18432K, used 15872K [0x00000000ebb80000, 0x00000000ed000000, 0x0000000100000000)
  eden space 15872K, 100% used [0x00000000ebb80000,0x00000000ecb00000,0x00000000ecb00000)
  from space 2560K, 0% used [0x00000000ecd80000,0x00000000ecd80000,0x00000000ed000000)
  to   space 2560K, 0% used [0x00000000ecb00000,0x00000000ecb00000,0x00000000ecd80000)
 ParOldGen       total 42496K, used 0K [0x00000000c3200000, 0x00000000c5b80000, 0x00000000ebb80000)
  object space 42496K, 0% used [0x00000000c3200000,0x00000000c3200000,0x00000000c5b80000)
 Metaspace       used 8196K, capacity 8380K, committed 8576K, reserved 1056768K
  class space    used 1050K, capacity 1108K, committed 1152K, reserved 1048576K
Event: 3.642 GC heap after
Heap after GC invocations=1 (full 0):
 PSYoungGen      total 18432K, used 2534K [0x00000000ebb80000, 0x00000000ed000000, 0x0000000100000000)
  eden space 15872K, 0% used [0x00000000ebb80000,0x00000000ebb80000,0x00000000ecb00000)
  from space 2560K, 99% used [0x00000000ecb00000,0x00000000ecd799e8,0x00000000ecd80000)
  to   space 2560K, 0% used [0x00000000ecd80000,0x00000000ecd80000,0x00000000ed000000)
 ParOldGen       total 42496K, used 1242K [0x00000000c3200000, 0x00000000c5b80000, 0x00000000ebb80000)
  object space 42496K, 2% used [0x00000000c3200000,0x00000000c3336840,0x00000000c5b80000)
 Metaspace       used 8196K, capacity 8380K, committed 8576K, reserved 1056768K
  class space    used 1050K, capacity 1108K, committed 1152K, reserved 1048576K
}
Event: 5.300 GC heap before
{Heap before GC invocations=2 (full 0):
 PSYoungGen      total 18432K, used 18406K [0x00000000ebb80000, 0x00000000ed000000, 0x0000000100000000)
  eden space 15872K, 100% used [0x00000000ebb80000,0x00000000ecb00000,0x00000000ecb00000)
  from space 2560K, 99% used [0x00000000ecb00000,0x00000000ecd799e8,0x00000000ecd80000)
  to   space 2560K, 0% used [0x00000000ecd80000,0x00000000ecd80000,0x00000000ed000000)
 ParOldGen       total 42496K, used 1242K [0x00000000c3200000, 0x00000000c5b80000, 0x00000000ebb80000)
  object space 42496K, 2% used [0x00000000c3200000,0x00000000c3336840,0x00000000c5b80000)
 Metaspace       used 12359K, capacity 12608K, committed 12800K, reserved 1060864K
  class space    used 1590K, capacity 1702K, committed 1792K, reserved 1048576K
Event: 5.312 GC heap after
Heap after GC invocations=2 (full 0):
 PSYoungGen      total 18432K, used 2544K [0x00000000ebb80000, 0x00000000ed000000, 0x0000000100000000)
  eden space 15872K, 0% used [0x00000000ebb80000,0x00000000ebb80000,0x00000000ecb00000)
  from space 2560K, 99% used [0x00000000ecd80000,0x00000000ecffc020,0x00000000ed000000)
  to   space 2560K, 0% used [0x00000000ecb00000,0x00000000ecb00000,0x00000000ecd80000)
 ParOldGen       total 42496K, used 3446K [0x00000000c3200000, 0x00000000c5b80000, 0x00000000ebb80000)
  object space 42496K, 8% used [0x00000000c3200000,0x00000000c355dab0,0x00000000c5b80000)
 Metaspace       used 12359K, capacity 12608K, committed 12800K, reserved 1060864K
  class space    used 1590K, capacity 1702K, committed 1792K, reserved 1048576K
}
Event: 70.229 GC heap before
{Heap before GC invocations=3 (full 0):
 PSYoungGen      total 18432K, used 18416K [0x00000000ebb80000, 0x00000000ed000000, 0x0000000100000000)
  eden space 15872K, 100% used [0x00000000ebb80000,0x00000000ecb00000,0x00000000ecb00000)
  from space 2560K, 99% used [0x00000000ecd80000,0x00000000ecffc020,0x00000000ed000000)
  to   space 2560K, 0% used [0x00000000ecb00000,0x00000000ecb00000,0x00000000ecd80000)
 ParOldGen       total 42496K, used 3446K [0x00000000c3200000, 0x00000000c5b80000, 0x00000000ebb80000)
  object space 42496K, 8% used [0x00000000c3200000,0x00000000c355dab0,0x00000000c5b80000)
 Metaspace       used 14909K, capacity 15136K, committed 15360K, reserved 1062912K
  class space    used 1885K, capacity 1990K, committed 2048K, reserved 1048576K
Event: 70.249 GC heap after
Heap after GC invocations=3 (full 0):
 PSYoungGen      total 18432K, used 2544K [0x00000000ebb80000, 0x00000000ed000000, 0x0000000100000000)
  eden space 15872K, 0% used [0x00000000ebb80000,0x00000000ebb80000,0x00000000ecb00000)
  from space 2560K, 99% used [0x00000000ecb00000,0x00000000ecd7c030,0x00000000ecd80000)
  to   space 2560K, 0% used [0x00000000ecd80000,0x00000000ecd80000,0x00000000ed000000)
 ParOldGen       total 42496K, used 5361K [0x00000000c3200000, 0x00000000c5b80000, 0x00000000ebb80000)
  object space 42496K, 12% used [0x00000000c3200000,0x00000000c373c630,0x00000000c5b80000)
 Metaspace       used 14909K, capacity 15136K, committed 15360K, reserved 1062912K
  class space    used 1885K, capacity 1990K, committed 2048K, reserved 1048576K
}

Deoptimization events (7 events):
Event: 3.538 Thread 0x000000000048e000 Uncommon trap: reason=unstable_if action=reinterpret pc=0x0000000002b3e0d0 method=java.lang.AbstractStringBuilder.append(Ljava/lang/String;)Ljava/lang/AbstractStringBuilder; @ 1
Event: 4.839 Thread 0x000000000048e000 Uncommon trap: reason=unstable_if action=reinterpret pc=0x0000000002bf2484 method=java.lang.CharacterDataLatin1.digit(II)I @ 82
Event: 4.843 Thread 0x000000000048e000 Uncommon trap: reason=unstable_if action=reinterpret pc=0x0000000002bf7660 method=java.util.regex.Pattern$BmpCharProperty.match(Ljava/util/regex/Matcher;ILjava/lang/CharSequence;)Z @ 5
Event: 5.350 Thread 0x000000000048e000 Uncommon trap: reason=unstable_if action=reinterpret pc=0x0000000002ad45b0 method=java.lang.String.replace(CC)Ljava/lang/String; @ 2
Event: 10.891 Thread 0x000000005656d800 Uncommon trap: reason=unstable_if action=reinterpret pc=0x0000000002cc9d80 method=org.openqa.selenium.remote.internal.CircularOutputStream.write(I)V @ 52
Event: 14.116 Thread 0x000000000048e000 Uncommon trap: reason=unstable_if action=reinterpret pc=0x0000000002cb77b0 method=java.util.concurrent.ConcurrentHashMap.putVal(Ljava/lang/Object;Ljava/lang/Object;Z)Ljava/lang/Object; @ 181
Event: 14.379 Thread 0x000000000048e000 Uncommon trap: reason=unstable_if action=reinterpret pc=0x0000000002cd1e54 method=java.lang.String.regionMatches(ZILjava/lang/String;II)Z @ 123

Internal exceptions (10 events):
Event: 7.526 Thread 0x000000000048e000 Exception <a 'java/net/ConnectException': Connection refused: connect> (0x00000000ebc3e048) thrown at [C:\workspace\8-2-build-windows-amd64-cygwin\jdk8u65\4987\hotspot\src\share\vm\prims\jni.cpp, line 735]
Event: 8.649 Thread 0x000000000048e000 Exception <a 'java/net/ConnectException': Connection refused: connect> (0x00000000ebc3f4a8) thrown at [C:\workspace\8-2-build-windows-amd64-cygwin\jdk8u65\4987\hotspot\src\share\vm\prims\jni.cpp, line 735]
Event: 9.788 Thread 0x000000000048e000 Exception <a 'java/net/ConnectException': Connection refused: connect> (0x00000000ebc40908) thrown at [C:\workspace\8-2-build-windows-amd64-cygwin\jdk8u65\4987\hotspot\src\share\vm\prims\jni.cpp, line 735]
Event: 10.897 Thread 0x000000000048e000 Exception <a 'java/net/ConnectException': Connection refused: connect> (0x00000000ebc41d68) thrown at [C:\workspace\8-2-build-windows-amd64-cygwin\jdk8u65\4987\hotspot\src\share\vm\prims\jni.cpp, line 735]
Event: 11.999 Thread 0x000000000048e000 Exception <a 'java/net/ConnectException': Connection refused: connect> (0x00000000ebc431c8) thrown at [C:\workspace\8-2-build-windows-amd64-cygwin\jdk8u65\4987\hotspot\src\share\vm\prims\jni.cpp, line 735]
Event: 13.100 Thread 0x000000000048e000 Exception <a 'java/net/ConnectException': Connection refused: connect> (0x00000000ebc44628) thrown at [C:\workspace\8-2-build-windows-amd64-cygwin\jdk8u65\4987\hotspot\src\share\vm\prims\jni.cpp, line 735]
Event: 13.947 Thread 0x000000000048e000 Exception <a 'java/lang/ArrayIndexOutOfBoundsException': 18> (0x00000000ebf94ac0) thrown at [C:\workspace\8-2-build-windows-amd64-cygwin\jdk8u65\4987\hotspot\src\share\vm\interpreter\interpreterRuntime.cpp, line 366]
Event: 13.949 Thread 0x000000000048e000 Exception <a 'java/lang/ArrayIndexOutOfBoundsException': 90> (0x00000000ebf960b8) thrown at [C:\workspace\8-2-build-windows-amd64-cygwin\jdk8u65\4987\hotspot\src\share\vm\interpreter\interpreterRuntime.cpp, line 366]
Event: 13.954 Thread 0x000000000048e000 Exception <a 'java/lang/ArrayIndexOutOfBoundsException': 105> (0x00000000ebf97e68) thrown at [C:\workspace\8-2-build-windows-amd64-cygwin\jdk8u65\4987\hotspot\src\share\vm\interpreter\interpreterRuntime.cpp, line 366]
Event: 13.954 Thread 0x000000000048e000 Exception <a 'java/lang/ArrayIndexOutOfBoundsException': 60> (0x00000000ebf990a8) thrown at [C:\workspace\8-2-build-windows-amd64-cygwin\jdk8u65\4987\hotspot\src\share\vm\interpreter\interpreterRuntime.cpp, line 366]

Events (10 events):
Event: 70.257 Executing VM operation: RevokeBias
Event: 70.257 Executing VM operation: RevokeBias done
Event: 70.257 Executing VM operation: RevokeBias
Event: 70.257 Executing VM operation: RevokeBias done
Event: 70.257 Executing VM operation: RevokeBias
Event: 70.257 Executing VM operation: RevokeBias done
Event: 70.257 Executing VM operation: RevokeBias
Event: 70.257 Executing VM operation: RevokeBias done
Event: 70.257 Executing VM operation: BulkRevokeBias
Event: 70.258 Executing VM operation: BulkRevokeBias done


Dynamic libraries:
0x000000013f600000 - 0x000000013f637000 	C:\Program Files\Java\jdk1.8.0_65\bin\javaw.exe
0x0000000077860000 - 0x0000000077a09000 	C:\Windows\SYSTEM32\ntdll.dll
0x0000000077640000 - 0x000000007775f000 	C:\Windows\system32\kernel32.dll
0x000007fefd6f0000 - 0x000007fefd75c000 	C:\Windows\system32\KERNELBASE.dll
0x000007fefd9c0000 - 0x000007fefda9b000 	C:\Windows\system32\ADVAPI32.dll
0x000007fefde00000 - 0x000007fefde9f000 	C:\Windows\system32\msvcrt.dll
0x000007fefdde0000 - 0x000007fefddff000 	C:\Windows\SYSTEM32\sechost.dll
0x000007feff8d0000 - 0x000007feff9fd000 	C:\Windows\system32\RPCRT4.dll
0x0000000077760000 - 0x000000007785a000 	C:\Windows\system32\USER32.dll
0x000007feffb00000 - 0x000007feffb67000 	C:\Windows\system32\GDI32.dll
0x000007fefe170000 - 0x000007fefe17e000 	C:\Windows\system32\LPK.dll
0x000007feff530000 - 0x000007feff5fa000 	C:\Windows\system32\USP10.dll
0x000007fefc1b0000 - 0x000007fefc3a4000 	C:\Windows\WinSxS\amd64_microsoft.windows.common-controls_6595b64144ccf1df_6.0.7601.18837_none_fa3b1e3d17594757\COMCTL32.dll
0x000007feff850000 - 0x000007feff8c1000 	C:\Windows\system32\SHLWAPI.dll
0x000007feff820000 - 0x000007feff84e000 	C:\Windows\system32\IMM32.DLL
0x000007fefdcd0000 - 0x000007fefddd9000 	C:\Windows\system32\MSCTF.dll
0x0000000075350000 - 0x0000000075388000 	C:\PROGRA~2\Sophos\SOPHOS~2\SOPHOS~2.DLL
0x0000000077a20000 - 0x0000000077a27000 	C:\Windows\system32\PSAPI.DLL
0x0000000071d30000 - 0x0000000071e02000 	C:\Program Files\Java\jdk1.8.0_65\jre\bin\msvcr100.dll
0x000000005ed00000 - 0x000000005f589000 	C:\Program Files\Java\jdk1.8.0_65\jre\bin\server\jvm.dll
0x000007feed410000 - 0x000007feed419000 	C:\Windows\system32\WSOCK32.dll
0x000007fefe6d0000 - 0x000007fefe71d000 	C:\Windows\system32\WS2_32.dll
0x000007feff810000 - 0x000007feff818000 	C:\Windows\system32\NSI.dll
0x000007fef8bd0000 - 0x000007fef8c0b000 	C:\Windows\system32\WINMM.dll
0x000007fefc6a0000 - 0x000007fefc6ac000 	C:\Windows\system32\VERSION.dll
0x0000000071e80000 - 0x0000000071e8f000 	C:\Program Files\Java\jdk1.8.0_65\jre\bin\verify.dll
0x0000000071e50000 - 0x0000000071e79000 	C:\Program Files\Java\jdk1.8.0_65\jre\bin\java.dll
0x0000000071d10000 - 0x0000000071d26000 	C:\Program Files\Java\jdk1.8.0_65\jre\bin\zip.dll
0x000007fefe720000 - 0x000007feff4a9000 	C:\Windows\system32\SHELL32.dll
0x000007feff600000 - 0x000007feff803000 	C:\Windows\system32\ole32.dll
0x000007fefd610000 - 0x000007fefd61f000 	C:\Windows\system32\profapi.dll
0x000000006be60000 - 0x000000006be7a000 	C:\Program Files\Java\jdk1.8.0_65\jre\bin\net.dll
0x000007fefcd90000 - 0x000007fefcde5000 	C:\Windows\system32\mswsock.dll
0x000007fefcdf0000 - 0x000007fefcdf7000 	C:\Windows\System32\wship6.dll
0x000007fefc7c0000 - 0x000007fefc7c7000 	C:\Windows\System32\wshtcpip.dll
0x000007fefcc20000 - 0x000007fefcc7b000 	C:\Windows\system32\DNSAPI.dll
0x000007fefbfe0000 - 0x000007fefc007000 	C:\Windows\system32\IPHLPAPI.DLL
0x000007fefbfd0000 - 0x000007fefbfdb000 	C:\Windows\system32\WINNSI.DLL
0x000007feed1f0000 - 0x000007feed1f8000 	C:\Windows\system32\rasadhlp.dll
0x000007fef9c30000 - 0x000007fef9c83000 	C:\Windows\System32\fwpuclnt.dll
0x000007fefaed0000 - 0x000007fefaee8000 	C:\Windows\system32\dhcpcsvc.DLL
0x000007fef9b90000 - 0x000007fef9ba1000 	C:\Windows\system32\dhcpcsvc6.DLL
0x000007fefce00000 - 0x000007fefce18000 	C:\Windows\system32\CRYPTSP.dll
0x000007fefcb00000 - 0x000007fefcb47000 	C:\Windows\system32\rsaenh.dll
0x000007fefd9a0000 - 0x000007fefd9be000 	C:\Windows\system32\USERENV.dll
0x000007fefd4a0000 - 0x000007fefd4af000 	C:\Windows\system32\CRYPTBASE.dll
0x000000006be40000 - 0x000000006be51000 	C:\Program Files\Java\jdk1.8.0_65\jre\bin\nio.dll
0x000000006be10000 - 0x000000006be34000 	C:\Program Files\Java\jdk1.8.0_65\jre\bin\sunec.dll
0x000007fefd440000 - 0x000007fefd497000 	C:\Windows\system32\apphelp.dll
0x000007fef2520000 - 0x000007fef2558000 	E:\projects\workspace\AutoIT\lib\jacob-1.18-x64.dll
0x000007feffa20000 - 0x000007feffaf7000 	C:\Windows\system32\OLEAUT32.dll
0x000007fefdaa0000 - 0x000007fefdb39000 	C:\Windows\system32\CLBCatQ.DLL
0x000007fefd4b0000 - 0x000007fefd4c4000 	C:\Windows\system32\RpcRtRemote.dll
0x000007fefbb80000 - 0x000007fefbbd6000 	C:\Windows\system32\uxtheme.dll
0x000007fefd4d0000 - 0x000007fefd561000 	C:\Windows\system32\SXS.DLL
0x000007feee3c0000 - 0x000007feee4e5000 	C:\Windows\system32\dbghelp.dll

VM Arguments:
jvm_args: -Dfile.encoding=Cp1252 
java_command: MainApp
java_class_path (initial): E:\projects\workspace\AutoIT\bin;E:\projects\workspace\AutoIT\lib\AutoItX4Java.jar;E:\projects\workspace\AutoIT\lib\jacob.jar;E:\projects\selenium\selenium-server-standalone-2.48.2.jar
Launcher Type: SUN_STANDARD

Environment Variables:
JAVA_HOME=C:\Program Files\Java\jdk1.8.0_65
PATH=C:/Program Files/Java/jre1.8.0_65/bin/server;C:/Program Files/Java/jre1.8.0_65/bin;C:/Program Files/Java/jre1.8.0_65/lib/amd64;C:\ProgramData\Oracle\Java\javapath;C:\Windows\system32;C:\Windows;C:\Windows\System32\Wbem;C:\Windows\System32\WindowsPowerShell\v1.0\;C:\Program Files (x86)\ATI Technologies\ATI.ACE\Core-Static;C:\Program Files (x86)\Windows Kits\8.1\Windows Performance Toolkit\;C:\Program Files\Microsoft SQL Server\110\Tools\Binn\;C:\Program Files (x86)\Microsoft SDKs\TypeScript\1.0\;C:\Program Files\Microsoft SQL Server\120\Tools\Binn\;C:\Program Files\TortoiseGit\bin;C:\Program Files (x86)\Skype\Phone\;E:\projects\tools\apache-maven-3.3.9\bin;C:\Program Files\Perforce\DVCS\;C:\Program Files (x86)\Sophos\Sophos SSL VPN Client\bin;C:\Program Files\Docker Toolbox;E:\projects\eclipse;
USERNAME=test
OS=Windows_NT
PROCESSOR_IDENTIFIER=Intel64 Family 6 Model 37 Stepping 2, GenuineIntel



---------------  S Y S T E M  ---------------

OS: Windows 7 , 64 bit Build 7601 (6.1.7601.19110)

CPU:total 4 (2 cores per cpu, 2 threads per core) family 6 model 37 stepping 2, cmov, cx8, fxsr, mmx, sse, sse2, sse3, ssse3, sse4.1, sse4.2, popcnt, ht, tsc, tscinvbit

Memory: 4k page, physical 3986480k(1009220k free), swap 7971124k(4467980k free)

vm_info: Java HotSpot(TM) 64-Bit Server VM (25.65-b01) for windows-amd64 JRE (1.8.0_65-b17), built on Oct  6 2015 16:39:20 by "java_re" with MS VC++ 10.0 (VS2010)

time: Wed Jan 27 21:17:04 2016
elapsed time: 70 seconds (0d 0h 1m 10s)

